<html>
<head>
<title>TestNG:  Test</title>
<link href="../testng.css" rel="stylesheet" type="text/css" />
<link href="../my-testng.css" rel="stylesheet" type="text/css" />

<style type="text/css">
.log { display: none;} 
.stack-trace { display: none;} 
</style>
<script type="text/javascript">
<!--
function flip(e) {
  current = e.style.display;
  if (current == 'block') {
    e.style.display = 'none';
    return 0;
  }
  else {
    e.style.display = 'block';
    return 1;
  }
}

function toggleBox(szDivId, elem, msg1, msg2)
{
  var res = -1;  if (document.getElementById) {
    res = flip(document.getElementById(szDivId));
  }
  else if (document.all) {
    // this is the way old msie versions work
    res = flip(document.all[szDivId]);
  }
  if(elem) {
    if(res == 0) elem.innerHTML = msg1; else elem.innerHTML = msg2;
  }

}

function toggleAllBoxes() {
  if (document.getElementsByTagName) {
    d = document.getElementsByTagName('div');
    for (i = 0; i < d.length; i++) {
      if (d[i].className == 'log') {
        flip(d[i]);
      }
    }
  }
}

// -->
</script>

</head>
<body>
<h2 align='center'>Test</h2><table border='1' align="center">
<tr>
<td>Tests passed/Failed/Skipped:</td><td>4/2/0</td>
</tr><tr>
<td>Started on:</td><td>Sat Mar 02 22:31:30 CST 2019</td>
</tr>
<tr><td>Total time:</td><td>3 seconds (3684 ms)</td>
</tr><tr>
<td>Included groups:</td><td></td>
</tr><tr>
<td>Excluded groups:</td><td></td>
</tr>
</table><p/>
<small><i>(Hover the method name to see the test class name)</i></small><p/>
<table width='100%' border='1' class='invocation-failed'>
<tr><td colspan='4' align='center'><b>FAILED TESTS</b></td></tr>
<tr><td><b>Test method</b></td>
<td width="30%"><b>Exception</b></td>
<td width="10%"><b>Time (seconds)</b></td>
<td><b>Instance</b></td>
</tr>
<tr>
<td title='testRunners.TestRunner.runScenario()'><b>runScenario</b><br>Test class: testRunners.TestRunner<br>Test method: Runs Cucumber Scenarios<br>Parameters: "Search country by 3 character alphanumeric ISO code", "Test the Restful services to get and search countries"</td>
<td><div><pre>java.lang.AssertionError: The following asserts failed:
	Status Check Passed - Supposed to be failed!!!
	at stepDefinition.test.checkResponseStatusIsNot200(test.java:71)
	at ✽.I validate response is not successfull(file:src/test/resources/features/test.feature:36)
... Removed 1 stack frames</pre></div><a href='#' onClick='toggleBox("stack-trace1691629865", this, "Click to show all stack frames", "Click to hide stack frames")'>Click to show all stack frames</a>
<div class='stack-trace' id='stack-trace1691629865'><pre>java.lang.AssertionError: The following asserts failed:
	Status Check Passed - Supposed to be failed!!!
	at org.testng.asserts.SoftAssert.assertAll(SoftAssert.java:43)
	at stepDefinition.test.checkResponseStatusIsNot200(test.java:71)
	at ✽.I validate response is not successfull(file:src/test/resources/features/test.feature:36)
</pre></div></td>
<td>0</td>
<td>testRunners.TestRunner@4cb2c100</td></tr>
<tr>
<td title='testRunners.TestRunner.runScenario()'><b>runScenario</b><br>Test class: testRunners.TestRunner<br>Test method: Runs Cucumber Scenarios<br>Parameters: "Search country by 3 character alphanumeric ISO code", "Test the Restful services to get and search countries"</td>
<td><div><pre>java.lang.AssertionError: The following asserts failed:
	Status Check Passed - Supposed to be failed!!!
	at stepDefinition.test.checkResponseStatusIsNot200(test.java:71)
	at ✽.I validate response is not successfull(file:src/test/resources/features/test2.feature:36)
... Removed 1 stack frames</pre></div><a href='#' onClick='toggleBox("stack-trace10405169", this, "Click to show all stack frames", "Click to hide stack frames")'>Click to show all stack frames</a>
<div class='stack-trace' id='stack-trace10405169'><pre>java.lang.AssertionError: The following asserts failed:
	Status Check Passed - Supposed to be failed!!!
	at org.testng.asserts.SoftAssert.assertAll(SoftAssert.java:43)
	at stepDefinition.test.checkResponseStatusIsNot200(test.java:71)
	at ✽.I validate response is not successfull(file:src/test/resources/features/test2.feature:36)
</pre></div></td>
<td>0</td>
<td>testRunners.TestRunner@4cb2c100</td></tr>
</table><p>
<table width='100%' border='1' class='invocation-passed'>
<tr><td colspan='4' align='center'><b>PASSED TESTS</b></td></tr>
<tr><td><b>Test method</b></td>
<td width="30%"><b>Exception</b></td>
<td width="10%"><b>Time (seconds)</b></td>
<td><b>Instance</b></td>
</tr>
<tr>
<td title='testRunners.TestRunner.runScenario()'><b>runScenario</b><br>Test class: testRunners.TestRunner<br>Test method: Runs Cucumber Scenarios<br>Parameters: "Test the happy path for get all", "Test the Restful services to get and search countries"</td>
<td></td>
<td>1</td>
<td>testRunners.TestRunner@4cb2c100</td></tr>
<tr>
<td title='testRunners.TestRunner.runScenario()'><b>runScenario</b><br>Test class: testRunners.TestRunner<br>Test method: Runs Cucumber Scenarios<br>Parameters: "Search country by 2 character alphanumeric ISO code", "Test the Restful services to get and search countries"</td>
<td></td>
<td>0</td>
<td>testRunners.TestRunner@4cb2c100</td></tr>
<tr>
<td title='testRunners.TestRunner.runScenario()'><b>runScenario</b><br>Test class: testRunners.TestRunner<br>Test method: Runs Cucumber Scenarios<br>Parameters: "Test the happy path for get all", "Test the Restful services to get and search countries"</td>
<td></td>
<td>0</td>
<td>testRunners.TestRunner@4cb2c100</td></tr>
<tr>
<td title='testRunners.TestRunner.runScenario()'><b>runScenario</b><br>Test class: testRunners.TestRunner<br>Test method: Runs Cucumber Scenarios<br>Parameters: "Search country by 2 character alphanumeric ISO code", "Test the Restful services to get and search countries"</td>
<td></td>
<td>0</td>
<td>testRunners.TestRunner@4cb2c100</td></tr>
</table><p>
</body>
</html>