<?xml version="1.0" encoding="UTF-8"?>
<testng-results skipped="0" failed="2" ignored="0" total="6" passed="4">
  <reporter-output>
  </reporter-output>
  <suite name="Suite" duration-ms="3684" started-at="2019-03-03T04:31:30Z" finished-at="2019-03-03T04:31:33Z">
    <groups>
      <group name="cucumber">
        <method signature="AbstractTestNGCucumberTests.runScenario(cucumber.api.testng.PickleEventWrapper, cucumber.api.testng.CucumberFeatureWrapper)[pri:0, instance:testRunners.TestRunner@4cb2c100]" name="runScenario" class="cucumber.api.testng.AbstractTestNGCucumberTests"/>
      </group> <!-- cucumber -->
    </groups>
    <test name="Test" duration-ms="3684" started-at="2019-03-03T04:31:30Z" finished-at="2019-03-03T04:31:33Z">
      <class name="testRunners.TestRunner">
        <test-method status="PASS" signature="setUpClass()[pri:0, instance:testRunners.TestRunner@4cb2c100]" name="setUpClass" is-config="true" duration-ms="135" started-at="2019-03-03T04:31:30Z" finished-at="2019-03-03T04:31:30Z">
          <reporter-output>
          </reporter-output>
        </test-method> <!-- setUpClass -->
        <test-method status="PASS" signature="runScenario(cucumber.api.testng.PickleEventWrapper, cucumber.api.testng.CucumberFeatureWrapper)[pri:0, instance:testRunners.TestRunner@4cb2c100]" name="runScenario" duration-ms="1609" started-at="2019-03-03T04:31:30Z" description="Runs Cucumber Scenarios" data-provider="scenarios" finished-at="2019-03-03T04:31:32Z">
          <params>
            <param index="0">
              <value>
                <![CDATA["Test the happy path for get all"]]>
              </value>
            </param>
            <param index="1">
              <value>
                <![CDATA["Test the Restful services to get and search countries"]]>
              </value>
            </param>
          </params>
          <reporter-output>
          </reporter-output>
        </test-method> <!-- runScenario -->
        <test-method status="PASS" signature="runScenario(cucumber.api.testng.PickleEventWrapper, cucumber.api.testng.CucumberFeatureWrapper)[pri:0, instance:testRunners.TestRunner@4cb2c100]" name="runScenario" duration-ms="671" started-at="2019-03-03T04:31:32Z" description="Runs Cucumber Scenarios" data-provider="scenarios" finished-at="2019-03-03T04:31:32Z">
          <params>
            <param index="0">
              <value>
                <![CDATA["Search country by 2 character alphanumeric ISO code"]]>
              </value>
            </param>
            <param index="1">
              <value>
                <![CDATA["Test the Restful services to get and search countries"]]>
              </value>
            </param>
          </params>
          <reporter-output>
          </reporter-output>
        </test-method> <!-- runScenario -->
        <test-method status="FAIL" signature="runScenario(cucumber.api.testng.PickleEventWrapper, cucumber.api.testng.CucumberFeatureWrapper)[pri:0, instance:testRunners.TestRunner@4cb2c100]" name="runScenario" duration-ms="241" started-at="2019-03-03T04:31:32Z" description="Runs Cucumber Scenarios" data-provider="scenarios" finished-at="2019-03-03T04:31:32Z">
          <params>
            <param index="0">
              <value>
                <![CDATA["Search country by 3 character alphanumeric ISO code"]]>
              </value>
            </param>
            <param index="1">
              <value>
                <![CDATA["Test the Restful services to get and search countries"]]>
              </value>
            </param>
          </params>
          <exception class="java.lang.AssertionError">
            <message>
              <![CDATA[The following asserts failed:
Status Check Passed - Supposed to be failed!!!]]>
            </message>
            <full-stacktrace>
              <![CDATA[java.lang.AssertionError: The following asserts failed:
Status Check Passed - Supposed to be failed!!!
at org.testng.asserts.SoftAssert.assertAll(SoftAssert.java:43)
at stepDefinition.test.checkResponseStatusIsNot200(test.java:71)
at ✽.I validate response is not successfull(file:src/test/resources/features/test.feature:36)
]]>
            </full-stacktrace>
          </exception> <!-- java.lang.AssertionError -->
          <reporter-output>
          </reporter-output>
        </test-method> <!-- runScenario -->
        <test-method status="PASS" signature="runScenario(cucumber.api.testng.PickleEventWrapper, cucumber.api.testng.CucumberFeatureWrapper)[pri:0, instance:testRunners.TestRunner@4cb2c100]" name="runScenario" duration-ms="326" started-at="2019-03-03T04:31:32Z" description="Runs Cucumber Scenarios" data-provider="scenarios" finished-at="2019-03-03T04:31:33Z">
          <params>
            <param index="0">
              <value>
                <![CDATA["Test the happy path for get all"]]>
              </value>
            </param>
            <param index="1">
              <value>
                <![CDATA["Test the Restful services to get and search countries"]]>
              </value>
            </param>
          </params>
          <reporter-output>
          </reporter-output>
        </test-method> <!-- runScenario -->
        <test-method status="PASS" signature="runScenario(cucumber.api.testng.PickleEventWrapper, cucumber.api.testng.CucumberFeatureWrapper)[pri:0, instance:testRunners.TestRunner@4cb2c100]" name="runScenario" duration-ms="313" started-at="2019-03-03T04:31:33Z" description="Runs Cucumber Scenarios" data-provider="scenarios" finished-at="2019-03-03T04:31:33Z">
          <params>
            <param index="0">
              <value>
                <![CDATA["Search country by 2 character alphanumeric ISO code"]]>
              </value>
            </param>
            <param index="1">
              <value>
                <![CDATA["Test the Restful services to get and search countries"]]>
              </value>
            </param>
          </params>
          <reporter-output>
          </reporter-output>
        </test-method> <!-- runScenario -->
        <test-method status="FAIL" signature="runScenario(cucumber.api.testng.PickleEventWrapper, cucumber.api.testng.CucumberFeatureWrapper)[pri:0, instance:testRunners.TestRunner@4cb2c100]" name="runScenario" duration-ms="284" started-at="2019-03-03T04:31:33Z" description="Runs Cucumber Scenarios" data-provider="scenarios" finished-at="2019-03-03T04:31:33Z">
          <params>
            <param index="0">
              <value>
                <![CDATA["Search country by 3 character alphanumeric ISO code"]]>
              </value>
            </param>
            <param index="1">
              <value>
                <![CDATA["Test the Restful services to get and search countries"]]>
              </value>
            </param>
          </params>
          <exception class="java.lang.AssertionError">
            <message>
              <![CDATA[The following asserts failed:
Status Check Passed - Supposed to be failed!!!]]>
            </message>
            <full-stacktrace>
              <![CDATA[java.lang.AssertionError: The following asserts failed:
Status Check Passed - Supposed to be failed!!!
at org.testng.asserts.SoftAssert.assertAll(SoftAssert.java:43)
at stepDefinition.test.checkResponseStatusIsNot200(test.java:71)
at ✽.I validate response is not successfull(file:src/test/resources/features/test2.feature:36)
]]>
            </full-stacktrace>
          </exception> <!-- java.lang.AssertionError -->
          <reporter-output>
          </reporter-output>
        </test-method> <!-- runScenario -->
        <test-method status="PASS" signature="tearDownClass()[pri:0, instance:testRunners.TestRunner@4cb2c100]" name="tearDownClass" is-config="true" duration-ms="19" started-at="2019-03-03T04:31:33Z" finished-at="2019-03-03T04:31:33Z">
          <reporter-output>
          </reporter-output>
        </test-method> <!-- tearDownClass -->
      </class> <!-- testRunners.TestRunner -->
    </test> <!-- Test -->
  </suite> <!-- Suite -->
</testng-results>
